<?xml version="1.0" encoding="UTF-8"?>
<!-- Generated by org.testng.reporters.JUnitReportReporter -->
<testsuite skipped="0" hostname="DESKTOP-H206BOJ" name="tests.LoginTests" tests="4" failures="0" timestamp="2022-02-18T22:21:07 CET" time="43.409" errors="0">
  <testcase name="loginWithValidCredentialsAndLogout" time="20.121" classname="tests.LoginTests"/>
  <system-out>
    <![CDATA[Opening and setting Chrome Driver
The browser is opened now
Is Element present
Clicking login button
Entering text ovojezapotrebeprojekta@gmail.com in email field
Entering text Ovojezapotrebeprojekta2021 in password field
Clicking submit login button
Current user is: ovojezapotrebeprojekta@gmail.com
Is Element present
Clicking logout button
Current Url equals to: https://www.tickets.rs/]]>
  </system-out>
  <testcase name="loginWithValidEmailAndInvalidPassword" time="8.160" classname="tests.LoginTests"/>
  <system-out>
    <![CDATA[Opening and setting Chrome Driver
Is Element present
Clicking login button
Entering text ovojezapotrebeprojekta@gmail.com in email field
Entering text pogresanpassword in password field
Clicking submit login button
Current Url equals to: https://www.tickets.rs/user/login
Error message is present.
Error message is: Unsuccessful Login]]>
  </system-out>
  <testcase name="loginWithEmptyEmailAndPasswordFieldTest" time="9.864" classname="tests.LoginTests"/>
  <system-out>
    <![CDATA[Opening and setting Chrome Driver
Is Element present
Clicking login button
Entering text  in email field
Entering text  in password field
Clicking submit login button
Error message is present.
Error message is: Please enter your email address
Error message is present.
Error message is: mandatory]]>
  </system-out>
  <testcase name="loginWithNumericalEmailAndValidPassword" time="5.264" classname="tests.LoginTests"/>
  <system-out>
    <![CDATA[Opening and setting Chrome Driver
Is Element present
Clicking login button
Entering text 12345 in email field
Entering text Ovojezapotrebeprojekta2021 in password field
Clicking submit login button
Error message is present.
Error message is: Please enter a valid email address]]>
  </system-out>
</testsuite> <!-- tests.LoginTests -->
