<?xml version="1.0" encoding="UTF-8"?>
<!-- Generated by org.testng.reporters.JUnitReportReporter -->
<testsuite skipped="0" hostname="DESKTOP-H206BOJ" name="tests.AddingTicketsToCartTest" tests="1" failures="1" timestamp="2022-02-18T22:21:07 CET" time="24.286" errors="0">
  <testcase name="addingTicketsToCartTest" time="24.286" classname="tests.AddingTicketsToCartTest">
    <failure type="java.lang.AssertionError" message="Wrong number of tickets.">
      <![CDATA[java.lang.AssertionError: Wrong number of tickets.
at tests.AddingTicketsToCartTest.addingTicketsToCartTest(AddingTicketsToCartTest.java:35)
at sun.reflect.NativeMethodAccessorImpl.invoke0(Native Method)
at sun.reflect.NativeMethodAccessorImpl.invoke(NativeMethodAccessorImpl.java:62)
at sun.reflect.DelegatingMethodAccessorImpl.invoke(DelegatingMethodAccessorImpl.java:43)
at java.lang.reflect.Method.invoke(Method.java:498)
at org.testng.internal.MethodInvocationHelper.invokeMethod(MethodInvocationHelper.java:133)
at org.testng.internal.TestInvoker.invokeMethod(TestInvoker.java:598)
at org.testng.internal.TestInvoker.invokeTestMethod(TestInvoker.java:173)
at org.testng.internal.MethodRunner.runInSequence(MethodRunner.java:46)
at org.testng.internal.TestInvoker$MethodInvocationAgent.invoke(TestInvoker.java:824)
at org.testng.internal.TestInvoker.invokeTestMethods(TestInvoker.java:146)
at org.testng.internal.TestMethodWorker.invokeTestMethods(TestMethodWorker.java:146)
at org.testng.internal.TestMethodWorker.run(TestMethodWorker.java:128)
at java.util.ArrayList.forEach(ArrayList.java:1259)
at org.testng.TestRunner.privateRun(TestRunner.java:794)
at org.testng.TestRunner.run(TestRunner.java:596)
at org.testng.SuiteRunner.runTest(SuiteRunner.java:377)
at org.testng.SuiteRunner.runSequentially(SuiteRunner.java:371)
at org.testng.SuiteRunner.privateRun(SuiteRunner.java:332)
at org.testng.SuiteRunner.run(SuiteRunner.java:276)
at org.testng.SuiteRunnerWorker.runSuite(SuiteRunnerWorker.java:53)
at org.testng.SuiteRunnerWorker.run(SuiteRunnerWorker.java:96)
at org.testng.TestNG.runSuitesSequentially(TestNG.java:1212)
at org.testng.TestNG.runSuitesLocally(TestNG.java:1134)
at org.testng.TestNG.runSuites(TestNG.java:1063)
at org.testng.TestNG.run(TestNG.java:1031)
at com.intellij.rt.testng.IDEARemoteTestNG.run(IDEARemoteTestNG.java:66)
at com.intellij.rt.testng.RemoteTestNGStarter.main(RemoteTestNGStarter.java:109)
]]>
    </failure>
  </testcase> <!-- addingTicketsToCartTest -->
  <system-out>
    <![CDATA[Opening and setting Chrome Driver
Clicking event name
Selecting tickets
Number of tickets in the cart: 2
Getting number of tickets in the cart from badge
Taking screenshot of failed test
 <a href='C:\Users\Verica\IdeaProjects\TicketCodeAcademy.\screenshots\screen_addingTicketsToCartTest.png'> <img src='C:\Users\Verica\IdeaProjects\TicketCodeAcademy.\screenshots\screen_addingTicketsToCartTest.png' height='100' width='200'/> </a>  ]]>
  </system-out>
</testsuite> <!-- tests.AddingTicketsToCartTest -->
