<?xml version="1.0" encoding="UTF-8"?>
<!-- Generated by org.testng.reporters.JUnitReportReporter -->
<testsuite skipped="0" hostname="DESKTOP-H206BOJ" name="tests.FilteringEventsTest" tests="1" failures="0" timestamp="2022-02-18T22:21:07 CET" time="29.450" errors="0">
  <testcase name="FilteringEventsByCategoryAndCityTest" time="29.450" classname="tests.FilteringEventsTest"/>
  <system-out>
    <![CDATA[Opening and setting Chrome Driver
Cookies accepted
Filters are checked
Current Url equals to: https://www.tickets.rs/city/novi-beograd/category/film-2
Page title is Tickets | Novi Beograd]]>
  </system-out>
</testsuite> <!-- tests.FilteringEventsTest -->
