<?xml version="1.0" encoding="UTF-8"?>
<!-- Generated by org.testng.reporters.JUnitReportReporter -->
<testsuite skipped="0" hostname="DESKTOP-H206BOJ" name="tests.SearchTest" tests="1" failures="0" timestamp="2022-02-18T22:21:07 CET" time="6.140" errors="0">
  <testcase name="searchForAnEventTest" time="6.140" classname="tests.SearchTest"/>
  <system-out>
    <![CDATA[Opening and setting Chrome Driver
Cookies accepted
Is Element present
Is Element present
Searching for an event
Current Url equals to: https://www.tickets.rs/search?q=Andre+Rieu]]>
  </system-out>
</testsuite> <!-- tests.SearchTest -->
