<?xml version="1.0" encoding="UTF-8"?>
<!-- Generated by org.testng.reporters.JUnitReportReporter -->
<testsuite skipped="0" hostname="DESKTOP-H206BOJ" name="tests.RegisterTest" tests="1" failures="0" timestamp="2022-02-18T22:21:07 CET" time="8.604" errors="0">
  <testcase name="registerWithValidUsernameAndValidPassword" time="8.604" classname="tests.RegisterTest"/>
  <system-out>
    <![CDATA[Opening and setting Chrome Driver
Cookies accepted
Current Url equals to: https://www.tickets.rs/user/register?lang=en]]>
  </system-out>
</testsuite> <!-- tests.RegisterTest -->
